<?xml version="1.0" encoding="UTF-8"?>
<!-- Generated by org.testng.reporters.JUnitReportReporter -->
<testsuite hostname="DESKTOP-RA01EM1" failures="0" tests="1" name="practice.excel1" time="42.707" errors="0" timestamp="2023-05-01T21:54:36 IST" skipped="0">
  <testcase classname="practice.excel1" name="loginexcel" time="42.707"/>
  <system-out/>
</testsuite> <!-- practice.excel1 -->
