<?xml version="1.0" encoding="UTF-8"?>
<!-- Generated by org.testng.reporters.JUnitReportReporter -->
<testsuite hostname="DESKTOP-RA01EM1" failures="0" tests="1" name="testcases.parl" time="8.630" errors="0" timestamp="2023-05-06T12:19:47 IST" skipped="0">
  <testcase classname="testcases.parl" name="method1" time="8.630"/>
  <system-out/>
</testsuite> <!-- testcases.parl -->
