<?xml version="1.0" encoding="UTF-8"?>
<!-- Generated by org.testng.reporters.JUnitReportReporter -->
<testsuite hostname="DESKTOP-RA01EM1" failures="0" tests="1" name="testcases.log" time="50.145" errors="0" timestamp="2023-04-25T21:44:58 IST" skipped="0">
  <testcase classname="testcases.log" name="login" time="50.145"/>
  <system-out/>
</testsuite> <!-- testcases.log -->
