<?xml version="1.0" encoding="UTF-8"?>
<!-- Generated by org.testng.reporters.JUnitReportReporter -->
<testsuite hostname="DESKTOP-RA01EM1" failures="0" tests="3" name="testcases.loginpage" time="2.222" errors="0" timestamp="2023-04-25T14:02:13 IST" skipped="0">
  <testcase classname="testcases.loginpage" name="Username" time="0.548"/>
  <system-out/>
  <testcase classname="testcases.loginpage" name="pw" time="0.345"/>
  <system-out/>
  <testcase classname="testcases.loginpage" name="login" time="1.329"/>
  <system-out/>
</testsuite> <!-- testcases.loginpage -->
