<?xml version="1.0" encoding="UTF-8"?>
<!-- Generated by org.testng.reporters.JUnitReportReporter -->
<testsuite hostname="DESKTOP-RA01EM1" failures="0" tests="1" name="testcases.logbook" time="12.267" errors="0" timestamp="2023-04-25T22:54:55 IST" skipped="0">
  <testcase classname="testcases.logbook" name="login" time="12.267"/>
  <system-out/>
</testsuite> <!-- testcases.logbook -->
