<?xml version="1.0" encoding="UTF-8"?>
<!-- Generated by org.testng.reporters.JUnitReportReporter -->
<testsuite hostname="DESKTOP-RA01EM1" failures="0" tests="2" name="testcases.salesforce" time="0.508" errors="0" timestamp="2023-04-24T16:28:40 IST" skipped="0">
  <testcase classname="testcases.salesforce" name="pw" time="0.344"/>
  <system-out/>
  <testcase classname="testcases.salesforce" name="username" time="0.164"/>
  <system-out/>
</testsuite> <!-- testcases.salesforce -->
