<?xml version="1.0" encoding="UTF-8"?>
<!-- Generated by org.testng.reporters.JUnitReportReporter -->
<testsuite hostname="DESKTOP-RA01EM1" failures="0" tests="1" name="practice.excel" time="40.728" errors="0" timestamp="2023-05-06T11:27:50 IST" skipped="0">
  <testcase classname="practice.excel" name="loginexcel" time="40.728"/>
  <system-out/>
</testsuite> <!-- practice.excel -->
