<?xml version="1.0" encoding="UTF-8"?>
<!-- Generated by org.testng.reporters.JUnitReportReporter -->
<testsuite hostname="DESKTOP-RA01EM1" failures="0" tests="1" name="testcases.signuppage" time="22.187" errors="0" timestamp="2023-04-26T18:04:40 IST" skipped="0">
  <testcase classname="testcases.signuppage" name="signup" time="22.187"/>
  <system-out/>
</testsuite> <!-- testcases.signuppage -->
