<?xml version="1.0" encoding="UTF-8"?>
<!-- Generated by org.testng.reporters.JUnitReportReporter -->
<testsuite hostname="DESKTOP-RA01EM1" failures="0" tests="1" name="testcases.verifysignup" time="29.274" errors="0" timestamp="2023-04-28T23:20:57 IST" skipped="0">
  <testcase classname="testcases.verifysignup" name="signup" time="29.274"/>
  <system-out/>
</testsuite> <!-- testcases.verifysignup -->
