<?xml version="1.0" encoding="UTF-8"?>
<!-- Generated by org.testng.reporters.JUnitReportReporter -->
<testsuite hostname="DESKTOP-RA01EM1" failures="0" tests="3" name="testcases.parallal" time="51.076" errors="0" timestamp="2023-04-24T16:13:39 IST" skipped="0">
  <testcase classname="testcases.parallal" name="method3" time="1.047"/>
  <system-out/>
  <testcase classname="testcases.parallal" name="method2" time="28.371"/>
  <system-out/>
  <testcase classname="testcases.parallal" name="method1" time="21.658"/>
  <system-out/>
</testsuite> <!-- testcases.parallal -->
