<?xml version="1.0" encoding="UTF-8"?>
<!-- Generated by org.testng.reporters.JUnitReportReporter -->
<testsuite hostname="DESKTOP-RA01EM1" failures="0" tests="3" name="testcases.parallal" time="51.428" errors="0" timestamp="2023-05-06T13:05:49 IST" skipped="0">
  <testcase classname="testcases.parallal" name="method3" time="2.526"/>
  <system-out/>
  <testcase classname="testcases.parallal" name="method1" time="18.242"/>
  <system-out/>
  <testcase classname="testcases.parallal" name="method2" time="30.660"/>
  <system-out/>
</testsuite> <!-- testcases.parallal -->
