<?xml version="1.0" encoding="UTF-8"?>
<!-- Generated by org.testng.reporters.JUnitReportReporter -->
<testsuite hostname="DESKTOP-RA01EM1" failures="0" tests="1" name="testcases.verifylogin" time="0.779" errors="0" timestamp="2023-04-24T16:03:53 IST" skipped="0">
  <testcase classname="testcases.verifylogin" name="verifytitle" time="0.779"/>
  <system-out/>
</testsuite> <!-- testcases.verifylogin -->
