<?xml version="1.0" encoding="UTF-8"?>
<!-- Generated by org.testng.reporters.JUnitReportReporter -->
<testsuite hostname="DESKTOP-RA01EM1" failures="0" tests="1" name="practice.excel" time="34.913" errors="0" timestamp="2023-05-01T22:07:49 IST" skipped="0">
  <testcase classname="practice.excel" name="loginexcel" time="34.913"/>
  <system-out/>
</testsuite> <!-- practice.excel -->
