<?xml version="1.0" encoding="UTF-8"?>
<!-- Generated by org.testng.reporters.JUnitReportReporter -->
<testsuite hostname="DESKTOP-RA01EM1" failures="0" tests="1" name="testcases.loginarraylist" time="25.593" errors="0" timestamp="2023-05-03T16:49:08 IST" skipped="0">
  <testcase classname="testcases.loginarraylist" name="login" time="25.593"/>
  <system-out/>
</testsuite> <!-- testcases.loginarraylist -->
