<?xml version="1.0" encoding="UTF-8"?>
<!-- Generated by org.testng.reporters.JUnitReportReporter -->
<testsuite hostname="DESKTOP-RA01EM1" failures="0" tests="1" name="testcases.nnnnnnnnnnnnnnnnnnnnnnnnn" time="12.894" errors="0" timestamp="2023-04-26T20:59:55 IST" skipped="0">
  <testcase classname="testcases.nnnnnnnnnnnnnnnnnnnnnnnnn" name="avi" time="12.894"/>
  <system-out/>
</testsuite> <!-- testcases.nnnnnnnnnnnnnnnnnnnnnnnnn -->
