<?xml version="1.0" encoding="UTF-8"?>
<!-- Generated by org.testng.reporters.JUnitReportReporter -->
<testsuite hostname="DESKTOP-RA01EM1" failures="0" tests="1" name="testcases.login2sales" time="22.012" errors="0" timestamp="2023-05-02T15:08:04 IST" skipped="0">
  <testcase classname="testcases.login2sales" name="log" time="22.012"/>
  <system-out/>
</testsuite> <!-- testcases.login2sales -->
